"../../../Engine/Content/ArtTools/RenderToTexture/Enums/RenderToTexture_Enum.uasset" 0
"../../../Engine/Content/ArtTools/RenderToTexture/Enums/RenderToTexture_Flipbook_Enum.uasset" 1
"../../../Engine/Content/ArtTools/RenderToTexture/Enums/RenderToTexture_Imposter_Enum.uasset" 2
"../../../Engine/Content/EditorBlueprintResources/StandardMacros.uasset" 3
"../../../Engine/Content/ArtTools/RenderToTexture/Enums/EIntTypes.uasset" 4
"../../../Engine/Content/ArtTools/RenderToTexture/Macros/RenderToTextureFunctionLibrary.uasset" 5
"../../../Engine/Content/ArtTools/RenderToTexture/Enums/EFloatTypes.uasset" 6
"../../../Engine/Content/ArtTools/RenderToTexture/Macros/RenderToTextureMacros.uasset" 7
"../../../Engine/Content/Functions/Engine_MaterialFunctions01/Opacity/CameraDepthFade.uasset" 8
"../../../Engine/Content/EngineMaterials/T_Default_Material_Grid_M.uasset" 9
"../../../Engine/Content/EngineMaterials/T_Default_Material_Grid_N.uasset" 10
"../../../Engine/Content/EngineMaterials/WorldGridMaterial.uasset" 11
"../../../Engine/Content/ArtTools/RenderToTexture/Meshes/S_1_Unit_Plane.uasset" 12
"../../../Engine/Content/EngineMaterials/DefaultMaterial.uasset" 13
"../../../Engine/Content/BasicShapes/Cone.uasset" 14
"../../../Engine/Content/BasicShapes/Cube.uasset" 15
"../../../Engine/Content/BasicShapes/Cylinder.uasset" 16
"../../../Engine/Content/BasicShapes/Plane.uasset" 17
"../../../Engine/Content/BasicShapes/Sphere.uasset" 18
"../../../Engine/Content/EngineMaterials/DefaultPhysicalMaterial.uasset" 19
"../../../Engine/Content/BufferVisualization/AmbientOcclusion.uasset" 20
"../../../Engine/Content/BufferVisualization/BaseColor.uasset" 21
"../../../Engine/Content/BufferVisualization/CustomDepth.uasset" 22
"../../../Engine/Content/Functions/Engine_MaterialFunctions02/Utility/VectorLength.uasset" 23
"../../../Engine/Content/BufferVisualization/CustomDepthWorldUnits.uasset" 24
"../../../Engine/Content/Functions/Engine_MaterialFunctions02/Utility/BreakOutFloat2Components.uasset" 25
"../../../Engine/Content/Functions/Engine_MaterialFunctions01/Texturing/ScaleUVsByCenter.uasset" 26
"../../../Engine/Content/Functions/Engine_MaterialFunctions02/ScreenResolution.uasset" 27
"../../../Engine/Content/Functions/Engine_MaterialFunctions02/Texturing/ScreenAlignedUVs.uasset" 28
"../../../Engine/Content/Functions/Engine_MaterialFunctions02/Utility/MakeFloat2.uasset" 29
"../../../Engine/Content/Functions/Engine_MaterialFunctions02/Utility/MakeFloat3.uasset" 30
"../../../Engine/Content/EngineMaterials/MiniFont.uasset" 31
"../../../Engine/Content/BufferVisualization/CustomStencil.uasset" 32
"../../../Engine/Content/BufferVisualization/FinalImage.uasset" 33
"../../../Engine/Content/BufferVisualization/LightingModel.uasset" 34
"../../../Engine/Content/BufferVisualization/MaterialAO.uasset" 35
"../../../Engine/Content/BufferVisualization/Metallic.uasset" 36
"../../../Engine/Content/BufferVisualization/Opacity.uasset" 37
"../../../Engine/Content/BufferVisualization/PostTonemapHDRColor.uasset" 38
"../../../Engine/Content/BufferVisualization/PreTonemapHDRColor.uasset" 39
"../../../Engine/Content/BufferVisualization/Roughness.uasset" 40
"../../../Engine/Content/BufferVisualization/SceneColor.uasset" 41
"../../../Engine/Content/BufferVisualization/SceneDepth.uasset" 42
"../../../Engine/Content/BufferVisualization/SceneDepthWorldUnits.uasset" 43
"../../../Engine/Content/BufferVisualization/SeparateTranslucencyA.uasset" 44
"../../../Engine/Content/BufferVisualization/SeparateTranslucencyRGB.uasset" 45
"../../../Engine/Content/BufferVisualization/Specular.uasset" 46
"../../../Engine/Content/BufferVisualization/SubsurfaceColor.uasset" 47
"../../../Engine/Content/BufferVisualization/WorldNormal.uasset" 48
"../../../Engine/Content/EditorLandscapeResources/DataLayer.uasset" 49
"../../../Engine/Content/EditorLandscapeResources/DefaultAlphaTexture.uasset" 50
"../../../Engine/Content/EditorLandscapeResources/LandscapeGizmoHeight_Mat.uasset" 51
"../../../Engine/Content/EditorLandscapeResources/LandscapeGizmo_Mat.uasset" 52
"../../../Engine/Content/EditorLandscapeResources/LandscapeGizmo_Mat_Copied.uasset" 53
"../../../Engine/Content/EditorLandscapeResources/SplineEditorMeshMat.uasset" 54
"../../../Engine/Content/EditorLandscapeResources/SplineEditorMesh.uasset" 55
"../../../Engine/Content/EditorMaterials/Cross.uasset" 56
"../../../Engine/Content/EditorMaterials/Cross_Mat.uasset" 57
"../../../Engine/Content/EditorMaterials/GizmoMaterial.uasset" 58
"../../../Engine/Content/Functions/Engine_MaterialFunctions02/ExampleContent/Textures/flipbook.uasset" 59
"../../../Engine/Content/Functions/Engine_MaterialFunctions02/Texturing/FlipBook.uasset" 60
"../../../Engine/Content/Functions/Engine_MaterialFunctions02/Utility/Sign.uasset" 61
"../../../Engine/Content/Functions/Engine_MaterialFunctions02/Utility/Round.uasset" 62
"../../../Engine/Content/EditorResources/T_EditorHelp.uasset" 63
"../../../Engine/Content/EditorMaterials/HelpActorMaterial.uasset" 64
"../../../Engine/Content/EditorMaterials/CompositeARGBLayer.uasset" 65
"../../../Engine/Content/EditorMaterials/TilingAALineIntegral.uasset" 66
"../../../Engine/Content/EditorMaterials/TilingAALineBoxFiltered.uasset" 67
"../../../Engine/Content/Functions/Engine_MaterialFunctions03/Procedurals/ComputeFilterWidth.uasset" 68
"../../../Engine/Content/EditorMaterials/TilingAADots.uasset" 69
"../../../Engine/Content/EngineMaterials/BlendFunc_DefBase.uasset" 70
"../../../Engine/Content/EngineMaterials/BlendFunc_DefBlend.uasset" 71
"../../../Engine/Content/Functions/Engine_MaterialFunctions03/Blends/Blend_Screen.uasset" 72
"../../../Engine/Content/EditorMaterials/TilingAAGrid.uasset" 73
"../../../Engine/Content/EditorMaterials/LevelGridMaterial.uasset" 74
"../../../Engine/Content/EditorMaterials/MakeCompositeARGBLayer.uasset" 75
"../../../Engine/Content/EditorResources/LevelGrid1DStripes.uasset" 76
"../../../Engine/Content/EditorMaterials/TextureGridCascaded1D.uasset" 77
"../../../Engine/Content/EditorMaterials/TextureGridCascaded2D.uasset" 78
"../../../Engine/Content/EditorMaterials/LevelGridMaterial2.uasset" 79
"../../../Engine/Content/EditorMaterials/MAT_Groups_Toggle.uasset" 80
"../../../Engine/Content/EditorMaterials/MAT_Groups_Visibility.uasset" 81
"../../../Engine/Content/EditorMaterials/AntialiasedGridFloor.uasset" 82
"../../../Engine/Content/EditorResources/TilePatine_D.uasset" 83
"../../../Engine/Content/EditorResources/TilePatine_N.uasset" 84
"../../../Engine/Content/EngineMaterials/Grid.uasset" 85
"../../../Engine/Content/EditorMaterials/PersonaFloorMat.uasset" 86
"../../../Engine/Content/EditorMaterials/PhAT_BoneSelectedMaterial.uasset" 87
"../../../Engine/Content/EditorMaterials/PhAT_ElemSelectedMaterial.uasset" 88
"../../../Engine/Content/EditorMaterials/PhAT_NoCollisionMaterial.uasset" 89
"../../../Engine/Content/EditorMaterials/PhAT_UnselectedMaterial.uasset" 90
"../../../Engine/Content/EditorMaterials/PreviewShadowIndicator.uasset" 91
"../../../Engine/Content/EditorMaterials/PreviewShadowIndicatorMaterial.uasset" 92
"../../../Engine/Content/EditorMaterials/TargetIcon.uasset" 93
"../../../Engine/Content/EditorMaterials/Tick.uasset" 94
"../../../Engine/Content/EditorMaterials/Tick_Mat.uasset" 95
"../../../Engine/Content/EditorMaterials/WidgetGridVertexColorMaterial.uasset" 96
"../../../Engine/Content/EditorMaterials/WidgetGridVertexColorMaterial_Ma.uasset" 97
"../../../Engine/Content/EditorMaterials/WidgetMaterial.uasset" 98
"../../../Engine/Content/EditorMaterials/WidgetMaterial_Current.uasset" 99
"../../../Engine/Content/EditorMaterials/WidgetMaterial_X.uasset" 100
"../../../Engine/Content/EditorMaterials/WidgetMaterial_Y.uasset" 101
"../../../Engine/Content/EditorMaterials/WidgetMaterial_Z.uasset" 102
"../../../Engine/Content/EditorMaterials/WidgetVertexColorMaterial.uasset" 103
"../../../Engine/Content/EditorMaterials/MatineeGroups/MAT_ColorTrack.uasset" 104
"../../../Engine/Content/EditorMaterials/MatineeGroups/MAT_Groups_Anim.uasset" 105
"../../../Engine/Content/EditorMaterials/MatineeGroups/MAT_Groups_AudioMaster.uasset" 106
"../../../Engine/Content/EditorMaterials/MatineeGroups/MAT_Groups_Director.uasset" 107
"../../../Engine/Content/EditorMaterials/MatineeGroups/MAT_Groups_Event.uasset" 108
"../../../Engine/Content/EditorMaterials/MatineeGroups/MAT_Groups_Fade.uasset" 109
"../../../Engine/Content/EditorMaterials/MatineeGroups/MAT_Groups_Float.uasset" 110
"../../../Engine/Content/EditorMaterials/MatineeGroups/MAT_Groups_Move.uasset" 111
"../../../Engine/Content/EditorMaterials/MatineeGroups/MAT_Groups_Slomo.uasset" 112
"../../../Engine/Content/EditorMaterials/MatineeGroups/MAT_Groups_Sound.uasset" 113
"../../../Engine/Content/EditorMaterials/MatineeGroups/MAT_Groups_Vector.uasset" 114
"../../../Engine/Content/EditorMaterials/ParticleSystems/PSysThumbnail_NoImage.uasset" 115
"../../../Engine/Content/EditorMaterials/ParticleSystems/PSysThumbnail_OOD.uasset" 116
"../../../Engine/Content/EditorMaterials/Thumbnails/FloorPlaneMaterial.uasset" 117
"../../../Engine/Content/EditorMeshes/EditorCube.uasset" 118
"../../../Engine/Content/EditorMeshes/EditorCylinder.uasset" 119
"../../../Engine/Content/EditorMeshes/EditorPlane.uasset" 120
"../../../Engine/Content/EditorMaterials/Thumbnails/SkySphereMaterial.uasset" 121
"../../../Engine/Content/EditorMeshes/EditorSkySphere.uasset" 122
"../../../Engine/Content/EditorMeshes/EditorSphere.uasset" 123
"../../../Engine/Content/EditorResources/MatineeCam_D.uasset" 124
"../../../Engine/Content/EditorMaterials/MatineeCam_mat.uasset" 125
"../../../Engine/Content/EditorMeshes/MatineeCam_SM.uasset" 126
"../../../Engine/Content/Functions/Engine_MaterialFunctions01/Shading/ConvertFromDiffSpec.uasset" 127
"../../../Engine/Content/EditorMaterials/GridMaterial.uasset" 128
"../../../Engine/Content/EditorMeshes/PhAT_FloorBox.uasset" 129
"../../../Engine/Content/EditorMaterials/Camera/CineMat.uasset" 130
"../../../Engine/Content/EditorMaterials/Camera/MI_CineMat_CameraBody.uasset" 131
"../../../Engine/Content/EngineDebugMaterials/M_SimpleOpaque.uasset" 132
"../../../Engine/Content/EditorMaterials/Camera/MI_CineMat_CamViewFinder.uasset" 133
"../../../Engine/Content/EditorMeshes/Camera/SM_CineCam.uasset" 134
"../../../Engine/Content/EditorMaterials/Camera/MI_CineMat_Rig.uasset" 135
"../../../Engine/Content/EditorMeshes/Camera/SM_CraneRig_Arm.uasset" 136
"../../../Engine/Content/EditorMeshes/Camera/SM_CraneRig_Base.uasset" 137
"../../../Engine/Content/EditorMeshes/Camera/SM_CraneRig_Body.uasset" 138
"../../../Engine/Content/EditorMeshes/Camera/SM_CraneRig_Mount.uasset" 139
"../../../Engine/Content/EditorMeshes/Camera/SM_RailRig_Mount.uasset" 140
"../../../Engine/Content/EditorMeshes/Camera/SM_RailRig_Track.uasset" 141
"../../../Engine/Content/EditorResources/Bad.uasset" 142
"../../../Engine/Content/EditorResources/BSPVertex.uasset" 143
"../../../Engine/Content/EditorResources/MatInstActSprite.uasset" 144
"../../../Engine/Content/EditorResources/SceneManager.uasset" 145
"../../../Engine/Content/EditorResources/SmallFont.uasset" 146
"../../../Engine/Content/EditorResources/S_Actor.uasset" 147
"../../../Engine/Content/EditorResources/S_DecalActorIcon.uasset" 148
"../../../Engine/Content/EditorResources/S_Emitter.uasset" 149
"../../../Engine/Content/EditorResources/S_ExpoHeightFog.uasset" 150
"../../../Engine/Content/EditorResources/S_FTest.uasset" 151
"../../../Engine/Content/EditorResources/S_KBSJoint.uasset" 152
"../../../Engine/Content/EditorResources/S_KHinge.uasset" 153
"../../../Engine/Content/EditorResources/S_KPrismatic.uasset" 154
"../../../Engine/Content/EditorResources/S_LevelSequence.uasset" 155
"../../../Engine/Content/EditorResources/S_NavP.uasset" 156
"../../../Engine/Content/EditorResources/S_Note.uasset" 157
"../../../Engine/Content/EditorResources/S_Player.uasset" 158
"../../../Engine/Content/EditorResources/S_PortalActorIcon2.uasset" 159
"../../../Engine/Content/EditorResources/S_RadForce.uasset" 160
"../../../Engine/Content/EditorResources/S_ReflActorIcon.uasset" 161
"../../../Engine/Content/EditorResources/S_Terrain.uasset" 162
"../../../Engine/Content/EditorResources/S_TextRenderActorIcon.uasset" 163
"../../../Engine/Content/EditorResources/S_Thruster.uasset" 164
"../../../Engine/Content/EditorResources/S_Trigger.uasset" 165
"../../../Engine/Content/EditorResources/S_VectorFieldVol.uasset" 166
"../../../Engine/Content/EditorResources/S_WindDirectional.uasset" 167
"../../../Engine/Content/EditorResources/AI/S_NavLink.uasset" 168
"../../../Engine/Content/EditorResources/LightIcons/SkyLight.uasset" 169
"../../../Engine/Content/EditorResources/LightIcons/S_LightDirectional.uasset" 170
"../../../Engine/Content/EditorResources/LightIcons/S_LightDirectionalMove.uasset" 171
"../../../Engine/Content/EditorResources/LightIcons/S_LightError.uasset" 172
"../../../Engine/Content/EditorResources/LightIcons/S_LightPoint.uasset" 173
"../../../Engine/Content/EditorResources/LightIcons/S_LightPointMove.uasset" 174
"../../../Engine/Content/EditorResources/LightIcons/S_LightSpot.uasset" 175
"../../../Engine/Content/EditorResources/LightIcons/S_LightSpotMove.uasset" 176
"../../../Engine/Content/EditorResources/SequenceRecorder/Countdown.uasset" 177
"../../../Engine/Content/EditorResources/SequenceRecorder/RecordingIndicator.uasset" 178
"../../../Engine/Content/EditorResources/Spline/T_Loft_Spline.uasset" 179
"../../../Engine/Content/EditorSounds/Notifications/CompileFailed.uasset" 180
"../../../Engine/Content/EditorSounds/Notifications/CompileFailed_Cue.uasset" 181
"../../../Engine/Content/EditorSounds/Notifications/CompileSuccess.uasset" 182
"../../../Engine/Content/EditorSounds/Notifications/CompileStart_Cue.uasset" 183
"../../../Engine/Content/EditorSounds/Notifications/CompileSuccess_Cue.uasset" 184
"../../../Engine/Content/EngineDamageTypes/DmgTypeBP_Environmental.uasset" 185
"../../../Engine/Content/EngineDebugMaterials/HeatmapGradient.uasset" 186
"../../../Engine/Content/EngineDebugMaterials/BoneWeightMaterial.uasset" 187
"../../../Engine/Content/EngineDebugMaterials/ClothMaterial.uasset" 188
"../../../Engine/Content/EngineDebugMaterials/ClothMaterial_WF.uasset" 189
"../../../Engine/Content/EngineDebugMaterials/DebugEditorMaterial.uasset" 190
"../../../Engine/Content/EngineDebugMaterials/DebugMeshMaterial.uasset" 191
"../../../Engine/Content/EngineDebugMaterials/GeomMaterial.uasset" 192
"../../../Engine/Content/EngineDebugMaterials/LevelColorationLitMaterial.uasset" 193
"../../../Engine/Content/EngineDebugMaterials/LevelColorationUnlitMaterial.uasset" 194
"../../../Engine/Content/EngineMaterials/DefaultWhiteGrid.uasset" 195
"../../../Engine/Content/EngineDebugMaterials/MAT_LevelColorationLitLightmapUV.uasset" 196
"../../../Engine/Content/EngineDebugMaterials/M_SimpleTranslucent.uasset" 197
"../../../Engine/Content/EngineDebugMaterials/ShadedLevelColorationLitMaterial.uasset" 198
"../../../Engine/Content/EngineDebugMaterials/ShadedLevelColorationUnlitMateri.uasset" 199
"../../../Engine/Content/EngineDebugMaterials/VertexColorMaterial.uasset" 200
"../../../Engine/Content/EngineDebugMaterials/VertexColorViewMode_AlphaAsColor.uasset" 201
"../../../Engine/Content/EngineDebugMaterials/VertexColorViewMode_BlueOnly.uasset" 202
"../../../Engine/Content/EngineDebugMaterials/VertexColorViewMode_ColorOnly.uasset" 203
"../../../Engine/Content/EngineDebugMaterials/VertexColorViewMode_GreenOnly.uasset" 204
"../../../Engine/Content/EngineDebugMaterials/VertexColorViewMode_RedOnly.uasset" 205
"../../../Engine/Content/EngineDebugMaterials/WireframeMaterial.uasset" 206
"../../../Engine/Content/EngineFonts/Faces/RobotoBold.uasset" 207
"../../../Engine/Content/EngineFonts/Faces/RobotoBoldItalic.uasset" 208
"../../../Engine/Content/EngineFonts/Faces/RobotoItalic.uasset" 209
"../../../Engine/Content/EngineFonts/Faces/RobotoLight.uasset" 210
"../../../Engine/Content/EngineFonts/Faces/RobotoRegular.uasset" 211
"../../../Engine/Content/EngineFonts/Roboto.uasset" 212
"../../../Engine/Content/EngineFonts/Faces/RobotoTiny.uasset" 213
"../../../Engine/Content/EngineFonts/RobotoTiny.uasset" 214
"../../../Engine/Content/EngineFonts/SmallFont.uasset" 215
"../../../Engine/Content/EngineFonts/TinyFont.uasset" 216
"../../../Engine/Content/EngineMaterials/BaseFlattenDiffuseMap.uasset" 217
"../../../Engine/Content/EngineMaterials/BaseFlattenEmissiveMap.uasset" 218
"../../../Engine/Content/EngineMaterials/BaseFlattenGrayscaleMap.uasset" 219
"../../../Engine/Content/EngineMaterials/BaseFlattenNormalMap.uasset" 220
"../../../Engine/Content/EngineMaterials/BaseFlattenMaterial.uasset" 221
"../../../Engine/Content/EngineResources/WhiteSquareTexture.uasset" 222
"../../../Engine/Content/EngineMaterials/BlinkingCaret.uasset" 223
"../../../Engine/Content/EngineMaterials/DefaultBloomKernel.uasset" 224
"../../../Engine/Content/EngineMaterials/DefaultBokeh.uasset" 225
"../../../Engine/Content/EngineMaterials/DefaultDiffuse.uasset" 226
"../../../Engine/Content/EngineMaterials/DefaultDeferredDecalMaterial.uasset" 227
"../../../Engine/Content/EngineMaterials/DefaultLightFunctionMaterial.uasset" 228
"../../../Engine/Content/EngineMaterials/DefaultNormal.uasset" 229
"../../../Engine/Content/EngineMaterials/DefaultPostProcessMaterial.uasset" 230
"../../../Engine/Content/EngineFonts/RobotoDistanceField.uasset" 231
"../../../Engine/Content/EngineMaterials/DefaultTextMaterialOpaque.uasset" 232
"../../../Engine/Content/EngineMaterials/EditorBrushMaterial.uasset" 233
"../../../Engine/Content/EngineMaterials/Good64x64TilingNoiseHighFreq.uasset" 234
"../../../Engine/Content/EngineMaterials/Grid_N.uasset" 235
"../../../Engine/Content/EngineMaterials/HighResolutionScreenshotMaskFunction.uasset" 236
"../../../Engine/Content/EngineMaterials/HighResScreenshot.uasset" 237
"../../../Engine/Content/EngineMaterials/HighResScreenshotCaptureRegion.uasset" 238
"../../../Engine/Content/EngineMaterials/HighResScreenshotMask.uasset" 239
"../../../Engine/Content/EngineMaterials/LandscapeHolePhysicalMaterial.uasset" 240
"../../../Engine/Content/EngineMaterials/InvalidLightmapSettings.uasset" 241
"../../../Engine/Content/EngineMaterials/M_InvalidLightmapSettings.uasset" 242
"../../../Engine/Content/EngineMaterials/PaperDiffuse.uasset" 243
"../../../Engine/Content/EngineMaterials/PaperNormal.uasset" 244
"../../../Engine/Content/Functions/Engine_MaterialFunctions02/WorldPositionOffset/CameraOffset.uasset" 245
"../../../Engine/Content/EngineMaterials/PhAT_JointLimitMaterial.uasset" 246
"../../../Engine/Content/EngineMaterials/PhysMat_Rubber.uasset" 247
"../../../Engine/Content/EngineMaterials/PreintegratedSkinBRDF.uasset" 248
"../../../Engine/Content/EngineMaterials/RemoveSurfaceMaterial.uasset" 249
"../../../Engine/Content/EngineMaterials/WeightMapPlaceholderTexture.uasset" 250
"../../../Engine/Content/EngineMaterials/Widget3DPassThrough.uasset" 251
"../../../Engine/Content/EngineMaterials/Widget3DPassThrough_Masked.uasset" 252
"../../../Engine/Content/EngineMaterials/Widget3DPassThrough_Opaque.uasset" 253
"../../../Engine/Content/EngineMaterials/Widget3DPassThrough_Masked_OneSided.uasset" 254
"../../../Engine/Content/EngineMaterials/Widget3DPassThrough_Opaque_OneSided.uasset" 255
"../../../Engine/Content/EngineMaterials/Widget3DPassThrough_Translucent.uasset" 256
"../../../Engine/Content/EngineMaterials/Widget3DPassThrough_Translucent_OneSided.uasset" 257
"../../../Engine/Content/EngineMeshes/Cylinder.uasset" 258
"../../../Engine/Content/EngineMeshes/Sphere.uasset" 259
"../../../Engine/Content/EngineResources/Black.uasset" 260
"../../../Engine/Content/EngineResources/DefaultTexture.uasset" 261
"../../../Engine/Content/EngineResources/DefaultTextureCube.uasset" 262
"../../../Engine/Content/EngineResources/DefaultVolumeTexture2D.uasset" 263
"../../../Engine/Content/EngineResources/DefaultVolumeTexture.uasset" 264
"../../../Engine/Content/EngineResources/GradientTexture0.uasset" 265
"../../../Engine/Content/EngineResources/StreamingPauseIcon.uasset" 266
"../../../Engine/Content/EngineResources/M_StreamingPause.uasset" 267
"../../../Engine/Content/EngineSounds/Master.uasset" 268
"../../../Engine/Content/Functions/Engine_MaterialFunctions01/Shading/PowerToRoughness.uasset" 269
"../../../Engine/Content/Maps/Templates/Thumbnails/Default.uasset" 270
"../../../Engine/Content/Maps/Templates/Thumbnails/VR-Basic.uasset" 271
"../../../Engine/Content/MapTemplates/Sky/DaylightAmbientCubemap.uasset" 272
"../../../Engine/Content/MobileResources/T_MobileControls_texture.uasset" 273
"../../../Engine/Content/MobileResources/T_MobileMenu2.uasset" 274
"../../../Engine/Content/MobileResources/HUD/AnalogHat.uasset" 275
"../../../Engine/Content/MobileResources/HUD/VirtualJoystick_Background.uasset" 276
"../../../Engine/Content/MobileResources/HUD/VirtualJoystick_Thumb.uasset" 277
"../../../Engine/Content/MobileResources/HUD/DefaultVirtualJoysticks.uasset" 278
"../../../Engine/Content/MobileResources/HUD/LeftVirtualJoystickOnly.uasset" 279
"../../../Engine/Content/MobileResources/HUD/MobileHUDButton1_off.uasset" 280
"../../../Engine/Content/MobileResources/HUD/MobileHUDButton1_on.uasset" 281
"../../../Engine/Content/MobileResources/HUD/MobileHUDButton2_off.uasset" 282
"../../../Engine/Content/MobileResources/HUD/MobileHUDButton2_on.uasset" 283
"../../../Engine/Content/MobileResources/HUD/MobileHUDButton3.uasset" 284
"../../../Engine/Content/MobileResources/HUD/MobileHUDButtonFire.uasset" 285
"../../../Engine/Content/MobileResources/HUD/MobileHUDDirectionPad.uasset" 286
"../../../Engine/Content/MobileResources/HUD/MobileHUDDirectionPad2.uasset" 287
"../../../Engine/Content/MobileResources/HUD/MobileHUDDirectionPad3.uasset" 288
"../../../Engine/Content/MobileResources/HUD/MobileHUDDirectionStick.uasset" 289
"../../../Engine/Content/MobileResources/HUD/T_Castle_ThumbstickInner.uasset" 290
"../../../Engine/Content/MobileResources/HUD/T_Castle_ThumbstickOutter.uasset" 291
"../../../Engine/Content/Tutorial/ContentIntroCurve.uasset" 292
"../../../Engine/Content/Tutorial/Basics/TutorialAssets/icon_tab_Levels_40x.uasset" 293
"../../../Engine/Content/Tutorial/BlueprintTutorials/TutorialAssets/Blueprint_64x.uasset" 294
"../../../Engine/Content/Tutorial/Landscape/TutorialAssets/Landscape.uasset" 295
"../../../Engine/Content/Tutorial/SubEditors/TutorialAssets/TutorialMaterial.uasset" 296
"../../../Engine/Content/VREditor/LaserPointer/VR_LaserPower_01.uasset" 297
"../../../Engine/Content/VREditor/TransformGizmo/TransformGizmoMaterial.uasset" 298
"../../../Engine/Content/VREditor/TransformGizmo/TranslucentTransformGizmoMaterial.uasset" 299
"../../../Engine/Content/VREditor/TransformGizmo/BoundingBoxCorner.uasset" 300
"../../../Engine/Content/VREditor/TransformGizmo/BoundingBoxEdge.uasset" 301
"../../../Engine/Content/VREditor/TransformGizmo/PlaneTranslationHandle.uasset" 302
"../../../Engine/Content/VREditor/TransformGizmo/Main.uasset" 303
"../../../Engine/Content/VREditor/TransformGizmo/Xray.uasset" 304
"../../../Engine/Content/VREditor/TransformGizmo/SM_Sequencer_Key.uasset" 305
"../../../Engine/Content/VREditor/TransformGizmo/SM_Sequencer_Node.uasset" 306
"../../../Engine/Content/EngineMeshes/Humanoid.uasset" 307
"../../../../../Unreal/SteamProject 4.21 - 2/Content/Mannequin/Character/Mesh/UE4_Mannequin_Skeleton.uasset" 308
"../../../../../Unreal/SteamProject 4.21 - 2/Content/Mannequin/Animations/ThirdPerson_Jump.uasset" 309
"../../../../../Unreal/SteamProject 4.21 - 2/Content/Mannequin/Animations/ThirdPersonJump_Loop.uasset" 310
"../../../../../Unreal/SteamProject 4.21 - 2/Content/Mannequin/Animations/ThirdPersonJump_Start.uasset" 311
"../../../../../Unreal/SteamProject 4.21 - 2/Content/Mannequin/Animations/ThirdPersonIdle.uasset" 312
"../../../../../Unreal/SteamProject 4.21 - 2/Content/Mannequin/Animations/ThirdPersonRun.uasset" 313
"../../../../../Unreal/SteamProject 4.21 - 2/Content/Mannequin/Animations/ThirdPersonWalk.uasset" 314
"../../../../../Unreal/SteamProject 4.21 - 2/Content/Mannequin/Animations/ThirdPerson_IdleRun_2D.uasset" 315
"../../../../../Unreal/SteamProject 4.21 - 2/Content/Mannequin/Animations/ThirdPerson_AnimBP.uasset" 316
"../../../Engine/Content/Functions/Engine_MaterialFunctions02/Utility/BlendAngleCorrectedNormals.uasset" 317
"../../../Engine/Content/Functions/MaterialLayerFunctions/MatLayerBlend_NormalBlend.uasset" 318
"../../../Engine/Content/Functions/MaterialLayerFunctions/MatLayerBlend_Simple.uasset" 319
"../../../../../Unreal/SteamProject 4.21 - 2/Content/Mannequin/Character/Materials/MaterialLayers/T_ML_Rubber_Blue_01_D.uasset" 320
"../../../../../Unreal/SteamProject 4.21 - 2/Content/Mannequin/Character/Materials/MaterialLayers/T_ML_Rubber_Blue_01_N.uasset" 321
"../../../../../Unreal/SteamProject 4.21 - 2/Content/Mannequin/Character/Materials/MaterialLayers/ML_GlossyBlack_Latex_UE4.uasset" 322
"../../../../../Unreal/SteamProject 4.21 - 2/Content/Mannequin/Character/Materials/MaterialLayers/ML_Plastic_Shiny_Beige.uasset" 323
"../../../../../Unreal/SteamProject 4.21 - 2/Content/Mannequin/Character/Textures/UE4_LOGO_CARD.uasset" 324
"../../../../../Unreal/SteamProject 4.21 - 2/Content/Mannequin/Character/Materials/MaterialLayers/ML_Plastic_Shiny_Beige_LOGO.uasset" 325
"../../../../../Unreal/SteamProject 4.21 - 2/Content/Mannequin/Character/Materials/MaterialLayers/T_ML_Aluminum01.uasset" 326
"../../../../../Unreal/SteamProject 4.21 - 2/Content/Mannequin/Character/Materials/MaterialLayers/T_ML_Aluminum01_N.uasset" 327
"../../../../../Unreal/SteamProject 4.21 - 2/Content/Mannequin/Character/Materials/MaterialLayers/ML_SoftMetal_UE4.uasset" 328
"../../../../../Unreal/SteamProject 4.21 - 2/Content/Mannequin/Character/Textures/UE4_Mannequin__normals.uasset" 329
"../../../../../Unreal/SteamProject 4.21 - 2/Content/Mannequin/Character/Textures/UE4_Mannequin_MAT_MASKA.uasset" 330
"../../../../../Unreal/SteamProject 4.21 - 2/Content/Mannequin/Character/Materials/M_UE4Man_Body.uasset" 331
"../../../../../Unreal/SteamProject 4.21 - 2/Content/Mannequin/Character/Textures/UE4Man_Logo_N.uasset" 332
"../../../../../Unreal/SteamProject 4.21 - 2/Content/Mannequin/Character/Materials/M_UE4Man_ChestLogo.uasset" 333
"../../../../../Unreal/SteamProject 4.21 - 2/Content/Mannequin/Character/Mesh/SK_Mannequin_PhysicsAsset.uasset" 334
"../../../../../Unreal/SteamProject 4.21 - 2/Content/Mannequin/Character/Mesh/SK_Mannequin.uasset" 335
"../../../../../Unreal/SteamProject 4.21 - 2/Content/ThirdPersonBP/Blueprints/ThirdPersonCharacter.uasset" 336
"../../../../../Unreal/SteamProject 4.21 - 2/Content/ThirdPersonBP/Blueprints/ThirdPersonGameMode.uasset" 337
"../../Plugins/2D/Paper2D/Content/PlaceholderTextures/DummySpriteTexture.uasset" 338
"../../Plugins/2D/Paper2D/Content/DummySprite.uasset" 339
"../../Plugins/2D/Paper2D/Content/DefaultPaperTerrainMaterial.uasset" 340
"../../Plugins/2D/Paper2D/Content/DefaultSpriteMaterial.uasset" 341
"../../Plugins/2D/Paper2D/Content/MaskedUnlitSpriteMaterial.uasset" 342
"../../Plugins/2D/Paper2D/Content/OpaqueUnlitSpriteMaterial.uasset" 343
"../../Plugins/Enterprise/DatasmithContent/Content/Blueprints/FBXImporter/ArrayOfActor.uasset" 344
"../../Plugins/Enterprise/DatasmithContent/Content/Blueprints/FBXImporter/ArrayOfSwitch.uasset" 345
"../../Plugins/Enterprise/DatasmithContent/Content/Blueprints/FBXImporter/BP_SceneNode.uasset" 346
"../../Plugins/Enterprise/DatasmithContent/Content/Blueprints/FBXImporter/BP_Switch.uasset" 347
"../../Plugins/Enterprise/DatasmithContent/Content/Blueprints/FBXImporter/BP_SceneRoot.uasset" 348
"../../Plugins/Enterprise/DatasmithContent/Content/Blueprints/FBXImporter/FBXImporterUtils.uasset" 349
"../../Plugins/Enterprise/DatasmithContent/Content/Blueprints/FBXImporter/Animation/DeltaGenAnimationTrackType.uasset" 350
"../../Plugins/Enterprise/DatasmithContent/Content/Blueprints/FBXImporter/Animation/VREDAnimationTrackComponent.uasset" 351
"../../Plugins/Enterprise/DatasmithContent/Content/Blueprints/FBXImporter/Animation/VREDAnimationTrackType.uasset" 352
"../../Plugins/Enterprise/DatasmithContent/Content/Blueprints/FBXImporter/Animation/VREDAnimCurveComponent.uasset" 353
"../../Plugins/Enterprise/DatasmithContent/Content/Blueprints/FBXImporter/Animation/VREDAnimCurveType.uasset" 354
"../../Plugins/Enterprise/DatasmithContent/Content/Blueprints/FBXImporter/Variants/VariantSwitchType.uasset" 355
"../../Plugins/Enterprise/DatasmithContent/Content/Blueprints/FBXImporter/Variants/VREDVariantSwitchType.uasset" 356
"../../Plugins/Enterprise/DatasmithContent/Content/Blueprints/FBXImporter/Variants/VREDVariantType.uasset" 357
"../../Plugins/Runtime/Oculus/OculusVR/Content/Materials/PokeAHoleMaterial.uasset" 358
"../../Plugins/Runtime/Oculus/OculusVR/Content/Textures/GearVRController_AO.uasset" 359
"../../Plugins/Runtime/Oculus/OculusVR/Content/Textures/GearVRController_Color.uasset" 360
"../../Plugins/Runtime/Oculus/OculusVR/Content/Textures/GearVRController_Normal.uasset" 361
"../../Plugins/Runtime/Oculus/OculusVR/Content/Materials/GearVRControllerMaterial.uasset" 362
"../../Plugins/Runtime/Oculus/OculusVR/Content/Meshes/GearVrController.uasset" 363
"../../Plugins/Runtime/Oculus/OculusVR/Content/Textures/touchController_albedo.uasset" 364
"../../Plugins/Runtime/Oculus/OculusVR/Content/Textures/touchController_controlmap.uasset" 365
"../../Plugins/Runtime/Oculus/OculusVR/Content/Materials/touchController_mat.uasset" 366
"../../Plugins/Runtime/Oculus/OculusVR/Content/Meshes/LeftTouchController.uasset" 367
"../../Plugins/Runtime/Oculus/OculusVR/Content/Meshes/RiftHMD.uasset" 368
"../../Plugins/Runtime/Oculus/OculusVR/Content/Meshes/RightTouchController.uasset" 369
"../../../../../Unreal/SteamProject 4.21 - 2/Content/InfinityBladeWarriors/Character/CompleteCharacters/SK_Mannequin_Skeleton.uasset" 370
"../../../../../Unreal/SteamProject 4.21 - 2/Content/InfinityBladeWarriors/Animations/ThirdPerson_Jump.uasset" 371
"../../../../../Unreal/SteamProject 4.21 - 2/Content/InfinityBladeWarriors/Animations/ThirdPersonJump_Loop.uasset" 372
"../../../../../Unreal/SteamProject 4.21 - 2/Content/InfinityBladeWarriors/Animations/ThirdPersonJump_Start.uasset" 373
"../../../../../Unreal/SteamProject 4.21 - 2/Content/InfinityBladeWarriors/Animations/ThirdPersonIdle.uasset" 374
"../../../../../Unreal/SteamProject 4.21 - 2/Content/InfinityBladeWarriors/Animations/ThirdPersonRun.uasset" 375
"../../../../../Unreal/SteamProject 4.21 - 2/Content/InfinityBladeWarriors/Animations/ThirdPersonWalk.uasset" 376
"../../../../../Unreal/SteamProject 4.21 - 2/Content/InfinityBladeWarriors/Animations/ThirdPerson_IdleRun_2D.uasset" 377
"../../../../../Unreal/SteamProject 4.21 - 2/Content/InfinityBladeWarriors/Animations/0_BaseAnimBP.uasset" 378
"../../../Engine/Content/EditorBlueprintResources/ActorMacros.uasset" 379
"../../../../../Unreal/SteamProject 4.21 - 2/Content/Blueprints/Gameplay/GameplayGM.uasset" 380
"../../../../../Unreal/SteamProject 4.21 - 2/Content/InfinityBladeWarriors/Character/CompleteCharacters/Textures_Materials/CharM_Barbarous/T_CharM_Barbarous_D.uasset" 381
"../../../../../Unreal/SteamProject 4.21 - 2/Content/InfinityBladeWarriors/Character/CompleteCharacters/Textures_Materials/CharM_Barbarous/T_CharM_Barbarous_MetalMask.uasset" 382
"../../../../../Unreal/SteamProject 4.21 - 2/Content/InfinityBladeWarriors/Character/CompleteCharacters/Textures_Materials/CharM_Barbarous/T_CharM_Barbarous_N.uasset" 383
"../../../../../Unreal/SteamProject 4.21 - 2/Content/InfinityBladeWarriors/Character/CompleteCharacters/Textures_Materials/CharM_Barbarous/M_Char_Barbrous.uasset" 384
"../../../../../Unreal/SteamProject 4.21 - 2/Content/InfinityBladeWarriors/Character/CompleteCharacters/SK_CharM_Barbarous.uasset" 385
"../../../../../Unreal/SteamProject 4.21 - 2/Content/Blueprints/Characters/Barberous.uasset" 386
"../../../../../Unreal/SteamProject 4.21 - 2/Content/InfinityBladeWarriors/Animations/TwinSword_Death.uasset" 387
"../../../../../Unreal/SteamProject 4.21 - 2/Content/InfinityBladeWarriors/Animations/TwinSword_Jump_Fall_Loop.uasset" 388
"../../../../../Unreal/SteamProject 4.21 - 2/Content/InfinityBladeWarriors/Animations/TwinSword_Jump_Land.uasset" 389
"../../../../../Unreal/SteamProject 4.21 - 2/Content/InfinityBladeWarriors/Animations/TwinSword_Jump_Start.uasset" 390
"../../../../../Unreal/SteamProject 4.21 - 2/Content/InfinityBladeWarriors/Animations/TwinSword_Idle.uasset" 391
"../../../../../Unreal/SteamProject 4.21 - 2/Content/InfinityBladeWarriors/Animations/TwinSword_Run.uasset" 392
"../../../../../Unreal/SteamProject 4.21 - 2/Content/InfinityBladeWarriors/Animations/TwinSword_Walk.uasset" 393
"../../../../../Unreal/SteamProject 4.21 - 2/Content/InfinityBladeWarriors/Animations/TwinSword_IdleRun_2D.uasset" 394
"../../../../../Unreal/SteamProject 4.21 - 2/Content/InfinityBladeWarriors/Animations/TwinSwordAnimBP.uasset" 395
"../../../../../Unreal/SteamProject 4.21 - 2/Content/InfinityBladeWarriors/Animations/TwinSword_Attack01.uasset" 396
"../../../../../Unreal/SteamProject 4.21 - 2/Content/Blueprints/AnimNotifies/AttackNotifyWindow.uasset" 397
"../../../../../Unreal/SteamProject 4.21 - 2/Content/InfinityBladeWarriors/Animations/TwinSword_Attack01_Montage.uasset" 398
"../../../../../Unreal/SteamProject 4.21 - 2/Content/InfinityBladeWarriors/Animations/TwinSword_Attack02.uasset" 399
"../../../../../Unreal/SteamProject 4.21 - 2/Content/InfinityBladeWarriors/Animations/TwinSword_Attack02_Montage.uasset" 400
"../../../../../Unreal/SteamProject 4.21 - 2/Content/InfinityBladeWarriors/Animations/TwinSword_Attack03.uasset" 401
"../../../../../Unreal/SteamProject 4.21 - 2/Content/InfinityBladeWarriors/Animations/TwinSword_Attack03_Montage.uasset" 402
"../../../../../Unreal/SteamProject 4.21 - 2/Content/InfinityBladeWarriors/Animations/TwinSword_Attack04.uasset" 403
"../../../../../Unreal/SteamProject 4.21 - 2/Content/InfinityBladeWarriors/Animations/TwinSword_Attack04_Montage.uasset" 404
"../../../../../Unreal/SteamProject 4.21 - 2/Content/InfinityBladeWarriors/Animations/TwinSword_Attack05.uasset" 405
"../../../../../Unreal/SteamProject 4.21 - 2/Content/InfinityBladeWarriors/Animations/TwinSword_Attack05_Montage.uasset" 406
"../../../../../Unreal/SteamProject 4.21 - 2/Content/InfinityBladeWarriors/Animations/TwinSword_Attack06.uasset" 407
"../../../../../Unreal/SteamProject 4.21 - 2/Content/InfinityBladeWarriors/Animations/TwinSword_Attack06_Montage.uasset" 408
"../../../../../Unreal/SteamProject 4.21 - 2/Content/InfinityBladeWarriors/Animations/TwinSword_Attack07.uasset" 409
"../../../../../Unreal/SteamProject 4.21 - 2/Content/InfinityBladeWarriors/Animations/TwinSword_Attack07_Montage.uasset" 410
"../../../../../Unreal/SteamProject 4.21 - 2/Content/InfinityBladeWarriors/Animations/TwinSword_Attack08.uasset" 411
"../../../../../Unreal/SteamProject 4.21 - 2/Content/InfinityBladeWarriors/Animations/TwinSword_Attack08_Montage.uasset" 412
"../../../../../Unreal/SteamProject 4.21 - 2/Content/InfinityBladeWarriors/Animations/TwinSword_Attack09.uasset" 413
"../../../../../Unreal/SteamProject 4.21 - 2/Content/InfinityBladeWarriors/Animations/TwinSword_Attack09_Montage.uasset" 414
"../../../../../Unreal/SteamProject 4.21 - 2/Content/InfinityBladeWarriors/Animations/TwinSword_Attack11.uasset" 415
"../../../../../Unreal/SteamProject 4.21 - 2/Content/InfinityBladeWarriors/Animations/TwinSword_Attack11_Montage.uasset" 416
"../../../../../Unreal/SteamProject 4.21 - 2/Content/InfinityBladeWarriors/Animations/TwinSword_Hit_Back.uasset" 417
"../../../../../Unreal/SteamProject 4.21 - 2/Content/InfinityBladeWarriors/Animations/TwinSword_Hit_Front.uasset" 418
"../../../../../Unreal/SteamProject 4.21 - 2/Content/InfinityBladeWarriors/Animations/TwinSword_Hit_Left.uasset" 419
"../../../../../Unreal/SteamProject 4.21 - 2/Content/InfinityBladeWarriors/Animations/TwinSword_Hit_Right.uasset" 420
"../../../../../Unreal/SteamProject 4.21 - 2/Content/InfinityBladeWarriors/Animations/HitReaction_1D.uasset" 421
"../../../../../Unreal/SteamProject 4.21 - 2/Content/InfinityBladeWarriors/Animations/AI_BaseAnimBP.uasset" 422
"../../../../../Unreal/SteamProject 4.21 - 2/Content/AI/StandardAI_BB.uasset" 423
"../../../../../Unreal/SteamProject 4.21 - 2/Content/AI/Tasks/AttackPawn_BTTask.uasset" 424
"../../../../../Unreal/SteamProject 4.21 - 2/Content/AI/Tasks/GetClosestPawn_BTTask.uasset" 425
"../../../../../Unreal/SteamProject 4.21 - 2/Content/AI/Tasks/IsInAttackDistance.uasset" 426
"../../../../../Unreal/SteamProject 4.21 - 2/Content/AI/Tasks/IsNotDead.uasset" 427
"../../../../../Unreal/SteamProject 4.21 - 2/Content/AI/Tasks/TargetIsNotDead.uasset" 428
"../../../../../Unreal/SteamProject 4.21 - 2/Content/AI/StandardAI_BT.uasset" 429
"../../../../../Unreal/SteamProject 4.21 - 2/Content/AI/AI_Controller_BP.uasset" 430
"../../../../../Unreal/SteamProject 4.21 - 2/Content/UI/HitCameraShake.uasset" 431
"../../../../../Unreal/SteamProject 4.21 - 2/Content/UI/AllLevels/EnemyHealthWB.uasset" 432
"../../../../../Unreal/SteamProject 4.21 - 2/Content/InfinityBladeWarriors/Character/CompleteCharacters/Textures_Materials/CharM_Base/T_CharM_Base_D.uasset" 433
"../../../../../Unreal/SteamProject 4.21 - 2/Content/InfinityBladeWarriors/Character/CompleteCharacters/Textures_Materials/CharM_Base/T_CharM_Base_M.uasset" 434
"../../../../../Unreal/SteamProject 4.21 - 2/Content/InfinityBladeWarriors/Character/CompleteCharacters/Textures_Materials/CharM_Base/T_CharM_Base_N.uasset" 435
"../../../../../Unreal/SteamProject 4.21 - 2/Content/InfinityBladeWarriors/Character/CompleteCharacters/Textures_Materials/CharM_Base/M_CharM_Base.uasset" 436
"../../../../../Unreal/SteamProject 4.21 - 2/Content/InfinityBladeWarriors/Character/CompleteCharacters/sk_CharM_Base.uasset" 437
"../../../../../Unreal/SteamProject 4.21 - 2/Content/Blueprints/Characters/AI_Base.uasset" 438
"../../../../../Unreal/SteamProject 4.21 - 2/Content/M_NormalSwordTrail.uasset" 439
"../../../../../Unreal/SteamProject 4.21 - 2/Content/Particles/Normal_Sword_Trail.uasset" 440
"../../../../../Unreal/SteamProject 4.21 - 2/Content/Textures/Splatters_T.uasset" 441
"../../../../../Unreal/SteamProject 4.21 - 2/Content/M_Splatters.uasset" 442
"../../../../../Unreal/SteamProject 4.21 - 2/Content/Particles/Splatters.uasset" 443
"../../../Engine/Content/Functions/Engine_MaterialFunctions01/Gradient/RadialGradient.uasset" 444
"../../../../../Unreal/SteamProject 4.21 - 2/Content/StarterContent/Particles/Materials/M_Radial_Gradient.uasset" 445
"../../../../../Unreal/SteamProject 4.21 - 2/Content/StarterContent/Textures/T_Smoke_SubUV.uasset" 446
"../../../../../Unreal/SteamProject 4.21 - 2/Content/StarterContent/Textures/T_Smoke_Tiled_D.uasset" 447
"../../../../../Unreal/SteamProject 4.21 - 2/Content/StarterContent/Particles/Materials/M_smoke_subUV.uasset" 448
"../../../../../Unreal/SteamProject 4.21 - 2/Content/StarterContent/Textures/T_Spark_Core.uasset" 449
"../../../../../Unreal/SteamProject 4.21 - 2/Content/StarterContent/Particles/Materials/M_Spark.uasset" 450
"../../../../../Unreal/SteamProject 4.21 - 2/Content/Particles/Wall_Hit_Sparks.uasset" 451
"../../../../../Unreal/SteamProject 4.21 - 2/Content/TwinSwordAnimsetBase/Weapon/M_Defuse.uasset" 452
"../../../../../Unreal/SteamProject 4.21 - 2/Content/TwinSwordAnimsetBase/Weapon/TwinSword.uasset" 453
"../../../../../Unreal/SteamProject 4.21 - 2/Content/Blueprints/Gameplay/TwinSword_BP.uasset" 454
"../../../../../Unreal/SteamProject 4.21 - 2/Content/InfinityBladeWarriors/Character/CompleteCharacters/Textures_Materials/CharM_FrostGiant/T_Char_M_FrostGiant_D.uasset" 455
"../../../../../Unreal/SteamProject 4.21 - 2/Content/InfinityBladeWarriors/Character/CompleteCharacters/Textures_Materials/CharM_FrostGiant/T_Char_M_FrostGiant_Masks.uasset" 456
"../../../../../Unreal/SteamProject 4.21 - 2/Content/InfinityBladeWarriors/Character/CompleteCharacters/Textures_Materials/CharM_FrostGiant/T_Char_M_FrostGiant_MaterialMask.uasset" 457
"../../../../../Unreal/SteamProject 4.21 - 2/Content/InfinityBladeWarriors/Character/CompleteCharacters/Textures_Materials/CharM_FrostGiant/T_Char_M_FrostGiant_N.uasset" 458
"../../../../../Unreal/SteamProject 4.21 - 2/Content/InfinityBladeWarriors/Character/CompleteCharacters/Textures_Materials/CharM_FrostGiant/M_Char_FrostGiant.uasset" 459
"../../../../../Unreal/SteamProject 4.21 - 2/Content/InfinityBladeWarriors/Character/CompleteCharacters/SK_CharM_FrostGiant.uasset" 460
"../../../../../Unreal/SteamProject 4.21 - 2/Content/M_RageSwordTrail.uasset" 461
"../../../../../Unreal/SteamProject 4.21 - 2/Content/Particles/Rage_Sword_Trail.uasset" 462
"../../../../../Unreal/SteamProject 4.21 - 2/Content/Textures/forsty_e_img.uasset" 463
"../../../../../Unreal/SteamProject 4.21 - 2/Content/Textures/frosty_q_img.uasset" 464
"../../../../../Unreal/SteamProject 4.21 - 2/Content/UI/AllLevels/PlayerHUD.uasset" 465
"../../../../../Unreal/SteamProject 4.21 - 2/Content/Blueprints/Characters/Frosty.uasset" 466
"../../../../../Unreal/SteamProject 4.21 - 2/Content/InfinityBladeWarriors/Character/CompleteCharacters/Textures_Materials/CharM_Natural/T_CharM_Natural_D.uasset" 467
"../../../../../Unreal/SteamProject 4.21 - 2/Content/InfinityBladeWarriors/Character/CompleteCharacters/Textures_Materials/CharM_Natural/T_CharM_Natural_Mask.uasset" 468
"../../../../../Unreal/SteamProject 4.21 - 2/Content/InfinityBladeWarriors/Character/CompleteCharacters/Textures_Materials/CharM_Natural/T_CharM_Natural_N.uasset" 469
"../../../../../Unreal/SteamProject 4.21 - 2/Content/InfinityBladeWarriors/Character/CompleteCharacters/Textures_Materials/CharM_Natural/M_Char_Natural.uasset" 470
"../../../../../Unreal/SteamProject 4.21 - 2/Content/InfinityBladeWarriors/Character/CompleteCharacters/SK_CharM_Natural.uasset" 471
"../../../../../Unreal/SteamProject 4.21 - 2/Content/Blueprints/Characters/Natural.uasset" 472
"../../../../../Unreal/SteamProject 4.21 - 2/Content/InfinityBladeWarriors/Character/CompleteCharacters/Textures_Materials/CharM_Pit/T_CharM_Pit_D.uasset" 473
"../../../../../Unreal/SteamProject 4.21 - 2/Content/InfinityBladeWarriors/Character/CompleteCharacters/Textures_Materials/CharM_Pit/T_CharM_Pit_Mask.uasset" 474
"../../../../../Unreal/SteamProject 4.21 - 2/Content/InfinityBladeWarriors/Character/CompleteCharacters/Textures_Materials/CharM_Pit/T_CharM_Pit_N.uasset" 475
"../../../../../Unreal/SteamProject 4.21 - 2/Content/InfinityBladeWarriors/Character/CompleteCharacters/Textures_Materials/CharM_Pit/M_Char_Pit.uasset" 476
"../../../../../Unreal/SteamProject 4.21 - 2/Content/InfinityBladeWarriors/Character/CompleteCharacters/SK_CharM_Pit.uasset" 477
"../../../../../Unreal/SteamProject 4.21 - 2/Content/Blueprints/Characters/Pit.uasset" 478
"../../../../../Unreal/SteamProject 4.21 - 2/Content/InfinityBladeWarriors/Character/CompleteCharacters/Textures_Materials/CharM_Robo/T_CharM_Robo_D.uasset" 479
"../../../../../Unreal/SteamProject 4.21 - 2/Content/InfinityBladeWarriors/Character/CompleteCharacters/Textures_Materials/CharM_Robo/T_CharM_Robo_Mask.uasset" 480
"../../../../../Unreal/SteamProject 4.21 - 2/Content/InfinityBladeWarriors/Character/CompleteCharacters/Textures_Materials/CharM_Robo/T_CharM_Robo_N.uasset" 481
"../../../../../Unreal/SteamProject 4.21 - 2/Content/InfinityBladeWarriors/Character/CompleteCharacters/Textures_Materials/CharM_Robo/M_Char_Robo.uasset" 482
"../../../../../Unreal/SteamProject 4.21 - 2/Content/InfinityBladeWarriors/Character/CompleteCharacters/SK_CharM_Robo.uasset" 483
"../../../../../Unreal/SteamProject 4.21 - 2/Content/Blueprints/Characters/Robo.uasset" 484
"../../../../../Unreal/SteamProject 4.21 - 2/Content/InfinityBladeWarriors/Character/CompleteCharacters/Textures_Materials/CharM_Tusk/T_CharM_Tusk_D.uasset" 485
"../../../../../Unreal/SteamProject 4.21 - 2/Content/InfinityBladeWarriors/Character/CompleteCharacters/Textures_Materials/CharM_Tusk/T_CharM_Tusk_E.uasset" 486
"../../../../../Unreal/SteamProject 4.21 - 2/Content/InfinityBladeWarriors/Character/CompleteCharacters/Textures_Materials/CharM_Tusk/T_CharM_Tusk_Mask.uasset" 487
"../../../../../Unreal/SteamProject 4.21 - 2/Content/InfinityBladeWarriors/Character/CompleteCharacters/Textures_Materials/CharM_Tusk/T_CharM_Tusk_N.uasset" 488
"../../../../../Unreal/SteamProject 4.21 - 2/Content/InfinityBladeWarriors/Character/CompleteCharacters/Textures_Materials/CharM_Tusk/M_Char_Tusk.uasset" 489
"../../../../../Unreal/SteamProject 4.21 - 2/Content/InfinityBladeWarriors/Character/CompleteCharacters/SK_CharM_Tusk.uasset" 490
"../../../../../Unreal/SteamProject 4.21 - 2/Content/Blueprints/Characters/Tusk.uasset" 491
"../../../../../Unreal/SteamProject 4.21 - 2/Content/InfinityBladeWarriors/Character/CompleteCharacters/Textures_Materials/CharM_Warrior/T_CharM_Warrior_JewelMask.uasset" 492
"../../../../../Unreal/SteamProject 4.21 - 2/Content/InfinityBladeWarriors/Character/CompleteCharacters/Textures_Materials/CharM_Warrior/T_CharM_Warrior_N.uasset" 493
"../../../../../Unreal/SteamProject 4.21 - 2/Content/InfinityBladeWarriors/Character/CompleteCharacters/Textures_Materials/CharM_Warrior/T_CharM_WarriorB_D.uasset" 494
"../../../../../Unreal/SteamProject 4.21 - 2/Content/InfinityBladeWarriors/Character/CompleteCharacters/Textures_Materials/CharM_Warrior/T_CharM_WarriorB_Mask.uasset" 495
"../../../../../Unreal/SteamProject 4.21 - 2/Content/InfinityBladeWarriors/Character/CompleteCharacters/Textures_Materials/CharM_Warrior/M_Char_Warrior_B.uasset" 496
"../../../../../Unreal/SteamProject 4.21 - 2/Content/InfinityBladeWarriors/Character/CompleteCharacters/SK_CharM_Warrior.uasset" 497
"../../../../../Unreal/SteamProject 4.21 - 2/Content/Blueprints/Characters/Warrior.uasset" 498
"../../../../../Unreal/SteamProject 4.21 - 2/Content/Textures/barberous.uasset" 499
"../../../../../Unreal/SteamProject 4.21 - 2/Content/Textures/forge.uasset" 500
"../../../../../Unreal/SteamProject 4.21 - 2/Content/Textures/frosty.uasset" 501
"../../../../../Unreal/SteamProject 4.21 - 2/Content/Textures/natural.uasset" 502
"../../../../../Unreal/SteamProject 4.21 - 2/Content/Textures/pit.uasset" 503
"../../../../../Unreal/SteamProject 4.21 - 2/Content/Textures/robo.uasset" 504
"../../../../../Unreal/SteamProject 4.21 - 2/Content/Textures/tusk.uasset" 505
"../../../../../Unreal/SteamProject 4.21 - 2/Content/Textures/warrior.uasset" 506
"../../../../../Unreal/SteamProject 4.21 - 2/Content/UI/Lobby/CharacterSelect.uasset" 507
"../../../../../Unreal/SteamProject 4.21 - 2/Content/UI/Lobby/ConnectedPlayer.uasset" 508
"../../../../../Unreal/SteamProject 4.21 - 2/Content/Textures/arena01.uasset" 509
"../../../../../Unreal/SteamProject 4.21 - 2/Content/Textures/arena02.uasset" 510
"../../../../../Unreal/SteamProject 4.21 - 2/Content/UI/Lobby/PlayerButton.uasset" 511
"../../../../../Unreal/SteamProject 4.21 - 2/Content/UI/Lobby/GameSettings.uasset" 512
"../../../../../Unreal/SteamProject 4.21 - 2/Content/UI/Lobby/LobbyMenu.uasset" 513
"../../../../../Unreal/SteamProject 4.21 - 2/Content/Blueprints/Lobby/LobbyGM.uasset" 514
"../../../../../Unreal/SteamProject 4.21 - 2/Content/UI/AllLevels/LoadingScreen.uasset" 515
"../../../../../Unreal/SteamProject 4.21 - 2/Content/Blueprints/Lobby/LobbyPC.uasset" 516
"../../../../../Unreal/SteamProject 4.21 - 2/Content/UI/AllLevels/ChatText.uasset" 517
"../../../../../Unreal/SteamProject 4.21 - 2/Content/UI/AllLevels/ChatWindow.uasset" 518
"../../../../../Unreal/SteamProject 4.21 - 2/Content/UI/AllLevels/GameplayChat.uasset" 519
"../../../../../Unreal/SteamProject 4.21 - 2/Content/UI/AllLevels/EscapeMenu.uasset" 520
"../../../../../Unreal/SteamProject 4.21 - 2/Content/UI/AllLevels/WatingForRevive.uasset" 521
"../../../../../Unreal/SteamProject 4.21 - 2/Content/Blueprints/Gameplay/GameplayPC.uasset" 522
"../../../../../Unreal/SteamProject 4.21 - 2/Content/Blueprints/Characters/0_Base.uasset" 523
"../../../../../Unreal/SteamProject 4.21 - 2/Content/Blueprints/AllLevels/PlayerInfo.uasset" 524
"../../../../../Unreal/SteamProject 4.21 - 2/Content/Blueprints/AllLevels/PlayerSaveGame.uasset" 525
"../../../../../Unreal/SteamProject 4.21 - 2/Content/InfinityBladeWarriors/Character/CompleteCharacters/Textures_Materials/CharM_Forge/CharM_Forge_MetalMask.uasset" 526
"../../../../../Unreal/SteamProject 4.21 - 2/Content/InfinityBladeWarriors/Character/CompleteCharacters/Textures_Materials/CharM_Natural/T_CharM_NaturalElite_D.uasset" 527
"../../../../../Unreal/SteamProject 4.21 - 2/Content/StarterContent/Textures/T_Burst_M.uasset" 528
"../../../../../Unreal/SteamProject 4.21 - 2/Content/StarterContent/Textures/T_Chair_M.uasset" 529
"../../../../../Unreal/SteamProject 4.21 - 2/Content/UI/MainMenu/OptionsMenu.uasset" 530
"../../../../../Unreal/SteamProject 4.21 - 2/Content/UI/MainMenu/ErrorDialog.uasset" 531
"../../../../../Unreal/SteamProject 4.21 - 2/Content/UI/MainMenu/HostMenu.uasset" 532
"../../../../../Unreal/SteamProject 4.21 - 2/Content/UI/MainMenu/MainMenu.uasset" 533
"../../../../../Unreal/SteamProject 4.21 - 2/Content/UI/MainMenu/ServerMenu.uasset" 534
"../../../../../Unreal/SteamProject 4.21 - 2/Content/Blueprints/AllLevels/GameInfoInstance.uasset" 535
"../../../../../Unreal/SteamProject 4.21 - 2/Content/Maps/MainMenu_BuiltData.uasset" 536
"../../../../../Unreal/SteamProject 4.21 - 2/Content/Maps/MainMenu.umap" 537
"../../../../../Unreal/SteamProject 4.21 - 2/Content/Maps/TravelMap.umap" 538
